2023-12-22 22:14:32,669 INFO o.a.j.u.JMeterUtils: Setting Locale to en_EN
2023-12-22 22:14:32,679 INFO o.a.j.JMeter: Loading user properties from: C:\Users\skes\OneDrive\Рабочий стол\лиза учеба\JMETER\bin\user.properties
2023-12-22 22:14:32,679 INFO o.a.j.JMeter: Loading system properties from: C:\Users\skes\OneDrive\Рабочий стол\лиза учеба\JMETER\bin\system.properties
2023-12-22 22:14:32,685 INFO o.a.j.JMeter: Copyright (c) 1998-2023 The Apache Software Foundation
2023-12-22 22:14:32,685 INFO o.a.j.JMeter: Version 5.6.2
2023-12-22 22:14:32,685 INFO o.a.j.JMeter: java.version=1.8.0_391
2023-12-22 22:14:32,685 INFO o.a.j.JMeter: java.vm.name=Java HotSpot(TM) 64-Bit Server VM
2023-12-22 22:14:32,685 INFO o.a.j.JMeter: os.name=Windows 11
2023-12-22 22:14:32,685 INFO o.a.j.JMeter: os.arch=amd64
2023-12-22 22:14:32,685 INFO o.a.j.JMeter: os.version=10.0
2023-12-22 22:14:32,685 INFO o.a.j.JMeter: file.encoding=Cp1251
2023-12-22 22:14:32,685 INFO o.a.j.JMeter: java.awt.headless=true
2023-12-22 22:14:32,685 INFO o.a.j.JMeter: Max memory     =1073741824
2023-12-22 22:14:32,685 INFO o.a.j.JMeter: Available Processors =12
2023-12-22 22:14:32,689 INFO o.a.j.JMeter: Default Locale=English (EN)
2023-12-22 22:14:32,689 INFO o.a.j.JMeter: JMeter  Locale=English (EN)
2023-12-22 22:14:32,689 INFO o.a.j.JMeter: JMeterHome=C:\Users\skes\OneDrive\Рабочий стол\лиза учеба\JMETER
2023-12-22 22:14:32,689 INFO o.a.j.JMeter: user.dir  =C:\Users\skes\OneDrive\Рабочий стол\лиза учеба\листест
2023-12-22 22:14:32,689 INFO o.a.j.JMeter: PWD       =C:\Users\skes\OneDrive\Рабочий стол\лиза учеба\листест
2023-12-22 22:14:32,697 INFO o.a.j.JMeter: IP: 192.168.0.8 Name: DESKTOP-T1FAL4K FullName: 192.168.0.8
2023-12-22 22:14:32,712 INFO o.a.j.JMeter: Setting property 'jmeter.reportgenerator.outputdir' to:'C:\Users\skes\OneDrive\Рабочий стол\лиза учеба\листест\.\RESULT-10'
2023-12-22 22:14:32,712 ERROR o.a.j.JMeter: An error occurred: 
org.apache.jmeter.report.config.ConfigurationException: The file C:\Users\skes\OneDrive\Рабочий стол\лиза учеба\листест\.\User10000.jmx doesn't exist or can't be opened
	at org.apache.jmeter.JMeter.runNonGui(JMeter.java:950) ~[ApacheJMeter_core.jar:5.6.2]
	at org.apache.jmeter.JMeter.startNonGui(JMeter.java:940) ~[ApacheJMeter_core.jar:5.6.2]
	at org.apache.jmeter.JMeter.start(JMeter.java:508) [ApacheJMeter_core.jar:5.6.2]
	at sun.reflect.NativeMethodAccessorImpl.invoke0(Native Method) ~[?:1.8.0_391]
	at sun.reflect.NativeMethodAccessorImpl.invoke(Unknown Source) ~[?:1.8.0_391]
	at sun.reflect.DelegatingMethodAccessorImpl.invoke(Unknown Source) ~[?:1.8.0_391]
	at java.lang.reflect.Method.invoke(Unknown Source) ~[?:1.8.0_391]
	at org.apache.jmeter.NewDriver.main(NewDriver.java:259) [ApacheJMeter.jar:5.6.2]
